0 verbose cli /usr/local/bin/node /usr/local/bin/npm
1 info using npm@10.8.2
2 info using node@v20.19.4
3 silly config load:file:/usr/local/lib/node_modules/npm/npmrc
4 silly config load:file:/data/.npmrc
5 silly config load:file:/usr/src/node-red/.npmrc
6 silly config load:file:/usr/local/etc/npmrc
7 verbose title npm install node-red-node-sqlite@2.0.1
8 verbose argv "install" "--no-audit" "--no-update-notifier" "--no-fund" "--save" "--save-prefix" "~" "--omit" "dev" "--engine-strict" "node-red-node-sqlite@2.0.1"
9 verbose logfile logs-max:10 dir:/data/.npm/_logs/2026-06-12T17_04_58_649Z-
10 verbose logfile /data/.npm/_logs/2026-06-12T17_04_58_649Z-debug-0.log
11 silly packumentCache heap:1035206656 maxSize:258801664 maxEntrySize:129400832
12 silly logfile done cleaning log files
13 silly idealTree buildDeps
14 silly fetch manifest node-red-node-sqlite@2.0.1
15 silly packumentCache full:https://registry.npmjs.org/node-red-node-sqlite cache-miss
16 http fetch GET 200 https://registry.npmjs.org/node-red-node-sqlite 895ms (cache miss)
17 silly packumentCache full:https://registry.npmjs.org/node-red-node-sqlite set size:undefined disposed:false
18 silly placeDep ROOT node-red-node-sqlite@2.0.1 OK for: node-red-project@0.0.1 want: 2.0.1
19 silly fetch manifest sqlite3@^6.0.1
20 silly packumentCache full:https://registry.npmjs.org/sqlite3 cache-miss
21 http fetch GET 200 https://registry.npmjs.org/sqlite3 82ms (cache miss)
22 silly packumentCache full:https://registry.npmjs.org/sqlite3 set size:undefined disposed:false
23 silly placeDep ROOT sqlite3@6.0.1 OK for: node-red-node-sqlite@2.0.1 want: ^6.0.1
24 silly fetch manifest bindings@^1.5.0
25 silly packumentCache full:https://registry.npmjs.org/bindings cache-miss
26 http fetch GET 200 https://registry.npmjs.org/bindings 88ms (cache miss)
27 silly packumentCache full:https://registry.npmjs.org/bindings set size:undefined disposed:false
28 silly fetch manifest node-addon-api@^8.0.0
29 silly packumentCache full:https://registry.npmjs.org/node-addon-api cache-miss
30 http fetch GET 200 https://registry.npmjs.org/node-addon-api 58ms (cache miss)
31 silly packumentCache full:https://registry.npmjs.org/node-addon-api set size:undefined disposed:false
32 silly fetch manifest prebuild-install@^7.1.3
33 silly packumentCache full:https://registry.npmjs.org/prebuild-install cache-miss
34 http fetch GET 200 https://registry.npmjs.org/prebuild-install 95ms (cache miss)
35 silly packumentCache full:https://registry.npmjs.org/prebuild-install set size:undefined disposed:false
36 silly fetch manifest tar@^7.5.10
37 silly packumentCache full:https://registry.npmjs.org/tar cache-miss
38 http fetch GET 200 https://registry.npmjs.org/tar 94ms (cache miss)
39 silly packumentCache full:https://registry.npmjs.org/tar set size:undefined disposed:false
40 silly fetch manifest node-gyp@12.x
41 silly packumentCache full:https://registry.npmjs.org/node-gyp cache-miss
42 http fetch GET 200 https://registry.npmjs.org/node-gyp 140ms (cache miss)
43 silly packumentCache full:https://registry.npmjs.org/node-gyp set size:undefined disposed:false
44 silly placeDep ROOT bindings@1.5.0 OK for: sqlite3@6.0.1 want: ^1.5.0
45 silly placeDep ROOT node-addon-api@8.8.0 OK for: sqlite3@6.0.1 want: ^8.0.0
46 silly placeDep ROOT node-gyp@12.4.0 OK for: sqlite3@6.0.1 want: 12.x
47 silly placeDep ROOT prebuild-install@7.1.3 OK for: sqlite3@6.0.1 want: ^7.1.3
48 silly placeDep ROOT tar@7.5.16 OK for: sqlite3@6.0.1 want: ^7.5.10
49 silly fetch manifest file-uri-to-path@1.0.0
50 silly packumentCache full:https://registry.npmjs.org/file-uri-to-path cache-miss
51 http fetch GET 200 https://registry.npmjs.org/file-uri-to-path 87ms (cache miss)
52 silly packumentCache full:https://registry.npmjs.org/file-uri-to-path set size:undefined disposed:false
53 silly fetch manifest tar@^7.5.4
54 silly packumentCache full:https://registry.npmjs.org/tar cache-miss
55 http fetch GET 200 https://registry.npmjs.org/tar 90ms (cache hit)
56 silly packumentCache full:https://registry.npmjs.org/tar set size:551280 disposed:false
57 silly fetch manifest nopt@^9.0.0
58 silly packumentCache full:https://registry.npmjs.org/nopt cache-miss
59 http fetch GET 200 https://registry.npmjs.org/nopt 35ms (cache miss)
60 silly packumentCache full:https://registry.npmjs.org/nopt set size:undefined disposed:false
61 silly fetch manifest which@^6.0.0
62 silly packumentCache full:https://registry.npmjs.org/which cache-miss
63 http fetch GET 200 https://registry.npmjs.org/which 170ms (cache miss)
64 silly packumentCache full:https://registry.npmjs.org/which set size:undefined disposed:false
65 silly fetch manifest semver@^7.3.5
66 silly packumentCache full:https://registry.npmjs.org/semver cache-miss
67 http fetch GET 200 https://registry.npmjs.org/semver 85ms (cache miss)
68 silly packumentCache full:https://registry.npmjs.org/semver set size:undefined disposed:false
69 silly fetch manifest undici@^6.25.0
70 silly packumentCache full:https://registry.npmjs.org/undici cache-miss
71 http fetch GET 200 https://registry.npmjs.org/undici 195ms (cache miss)
72 silly packumentCache full:https://registry.npmjs.org/undici set size:undefined disposed:false
73 silly fetch manifest proc-log@^6.0.0
74 silly packumentCache full:https://registry.npmjs.org/proc-log cache-miss
75 http fetch GET 200 https://registry.npmjs.org/proc-log 73ms (cache miss)
76 silly packumentCache full:https://registry.npmjs.org/proc-log set size:undefined disposed:false
77 silly fetch manifest env-paths@^2.2.0
78 silly packumentCache full:https://registry.npmjs.org/env-paths cache-miss
79 http fetch GET 200 https://registry.npmjs.org/env-paths 39ms (cache miss)
80 silly packumentCache full:https://registry.npmjs.org/env-paths set size:undefined disposed:false
81 silly fetch manifest tinyglobby@^0.2.12
82 silly packumentCache full:https://registry.npmjs.org/tinyglobby cache-miss
83 http fetch GET 200 https://registry.npmjs.org/tinyglobby 47ms (cache miss)
84 silly packumentCache full:https://registry.npmjs.org/tinyglobby set size:undefined disposed:false
85 silly fetch manifest graceful-fs@^4.2.6
86 silly packumentCache full:https://registry.npmjs.org/graceful-fs cache-miss
87 http fetch GET 200 https://registry.npmjs.org/graceful-fs 38ms (cache miss)
88 silly packumentCache full:https://registry.npmjs.org/graceful-fs set size:undefined disposed:false
89 silly fetch manifest exponential-backoff@^3.1.1
90 silly packumentCache full:https://registry.npmjs.org/exponential-backoff cache-miss
91 http fetch GET 200 https://registry.npmjs.org/exponential-backoff 32ms (cache miss)
92 silly packumentCache full:https://registry.npmjs.org/exponential-backoff set size:undefined disposed:false
93 silly fetch manifest rc@^1.2.7
94 silly packumentCache full:https://registry.npmjs.org/rc cache-miss
95 http fetch GET 200 https://registry.npmjs.org/rc 33ms (cache miss)
96 silly packumentCache full:https://registry.npmjs.org/rc set size:undefined disposed:false
97 silly fetch manifest pump@^3.0.0
98 silly packumentCache full:https://registry.npmjs.org/pump cache-miss
99 http fetch GET 200 https://registry.npmjs.org/pump 35ms (cache miss)
100 silly packumentCache full:https://registry.npmjs.org/pump set size:undefined disposed:false
101 silly fetch manifest tar-fs@^2.0.0
102 silly packumentCache full:https://registry.npmjs.org/tar-fs cache-miss
103 http fetch GET 200 https://registry.npmjs.org/tar-fs 219ms (cache miss)
104 silly packumentCache full:https://registry.npmjs.org/tar-fs set size:undefined disposed:false
105 silly fetch manifest minimist@^1.2.3
106 silly packumentCache full:https://registry.npmjs.org/minimist cache-miss
107 http fetch GET 200 https://registry.npmjs.org/minimist 46ms (cache miss)
108 silly packumentCache full:https://registry.npmjs.org/minimist set size:undefined disposed:false
109 silly fetch manifest node-abi@^3.3.0
110 silly packumentCache full:https://registry.npmjs.org/node-abi cache-miss
111 http fetch GET 200 https://registry.npmjs.org/node-abi 60ms (cache miss)
112 silly packumentCache full:https://registry.npmjs.org/node-abi set size:undefined disposed:false
113 silly fetch manifest simple-get@^4.0.0
114 silly packumentCache full:https://registry.npmjs.org/simple-get cache-miss
115 http fetch GET 200 https://registry.npmjs.org/simple-get 92ms (cache miss)
116 silly packumentCache full:https://registry.npmjs.org/simple-get set size:undefined disposed:false
117 silly fetch manifest detect-libc@^2.0.0
118 silly packumentCache full:https://registry.npmjs.org/detect-libc cache-miss
119 http fetch GET 200 https://registry.npmjs.org/detect-libc 37ms (cache miss)
120 silly packumentCache full:https://registry.npmjs.org/detect-libc set size:undefined disposed:false
121 silly fetch manifest tunnel-agent@^0.6.0
122 silly packumentCache full:https://registry.npmjs.org/tunnel-agent cache-miss
123 http fetch GET 200 https://registry.npmjs.org/tunnel-agent 57ms (cache miss)
124 silly packumentCache full:https://registry.npmjs.org/tunnel-agent set size:undefined disposed:false
125 silly fetch manifest mkdirp-classic@^0.5.3
126 silly packumentCache full:https://registry.npmjs.org/mkdirp-classic cache-miss
127 http fetch GET 200 https://registry.npmjs.org/mkdirp-classic 43ms (cache miss)
128 silly packumentCache full:https://registry.npmjs.org/mkdirp-classic set size:undefined disposed:false
129 silly fetch manifest expand-template@^2.0.3
130 silly packumentCache full:https://registry.npmjs.org/expand-template cache-miss
131 http fetch GET 200 https://registry.npmjs.org/expand-template 36ms (cache miss)
132 silly packumentCache full:https://registry.npmjs.org/expand-template set size:undefined disposed:false
133 silly fetch manifest napi-build-utils@^2.0.0
134 silly packumentCache full:https://registry.npmjs.org/napi-build-utils cache-miss
135 http fetch GET 200 https://registry.npmjs.org/napi-build-utils 32ms (cache miss)
136 silly packumentCache full:https://registry.npmjs.org/napi-build-utils set size:undefined disposed:false
137 silly fetch manifest github-from-package@0.0.0
138 silly packumentCache full:https://registry.npmjs.org/github-from-package cache-miss
139 http fetch GET 200 https://registry.npmjs.org/github-from-package 33ms (cache miss)
140 silly packumentCache full:https://registry.npmjs.org/github-from-package set size:undefined disposed:false
141 silly fetch manifest @isaacs/fs-minipass@^4.0.0
142 silly packumentCache full:https://registry.npmjs.org/@isaacs%2ffs-minipass cache-miss
143 http fetch GET 200 https://registry.npmjs.org/@isaacs%2ffs-minipass 148ms (cache miss)
144 silly packumentCache full:https://registry.npmjs.org/@isaacs%2ffs-minipass set size:undefined disposed:false
145 silly fetch manifest chownr@^3.0.0
146 silly packumentCache full:https://registry.npmjs.org/chownr cache-miss
147 http fetch GET 200 https://registry.npmjs.org/chownr 39ms (cache miss)
148 silly packumentCache full:https://registry.npmjs.org/chownr set size:undefined disposed:false
149 silly fetch manifest minipass@^7.1.2
150 silly packumentCache full:https://registry.npmjs.org/minipass cache-miss
151 http fetch GET 200 https://registry.npmjs.org/minipass 81ms (cache miss)
152 silly packumentCache full:https://registry.npmjs.org/minipass set size:undefined disposed:false
153 silly fetch manifest minizlib@^3.1.0
154 silly packumentCache full:https://registry.npmjs.org/minizlib cache-miss
155 http fetch GET 200 https://registry.npmjs.org/minizlib 36ms (cache miss)
156 silly packumentCache full:https://registry.npmjs.org/minizlib set size:undefined disposed:false
157 silly fetch manifest yallist@^5.0.0
158 silly packumentCache full:https://registry.npmjs.org/yallist cache-miss
159 http fetch GET 200 https://registry.npmjs.org/yallist 42ms (cache miss)
160 silly packumentCache full:https://registry.npmjs.org/yallist set size:undefined disposed:false
161 silly placeDep ROOT file-uri-to-path@1.0.0 OK for: bindings@1.5.0 want: 1.0.0
162 silly placeDep ROOT env-paths@2.2.1 OK for: node-gyp@12.4.0 want: ^2.2.0
163 silly placeDep ROOT exponential-backoff@3.1.3 OK for: node-gyp@12.4.0 want: ^3.1.1
164 silly placeDep ROOT graceful-fs@4.2.11 OK for: node-gyp@12.4.0 want: ^4.2.6
165 silly placeDep ROOT nopt@9.0.0 OK for: node-gyp@12.4.0 want: ^9.0.0
166 silly placeDep ROOT proc-log@6.1.0 OK for: node-gyp@12.4.0 want: ^6.0.0
167 silly placeDep ROOT semver@7.8.4 OK for: node-gyp@12.4.0 want: ^7.3.5
168 silly placeDep ROOT tinyglobby@0.2.17 OK for: node-gyp@12.4.0 want: ^0.2.12
169 silly placeDep ROOT undici@6.26.0 OK for: node-gyp@12.4.0 want: ^6.25.0
170 silly placeDep ROOT which@6.0.1 OK for: node-gyp@12.4.0 want: ^6.0.0
171 silly fetch manifest abbrev@^4.0.0
172 silly packumentCache full:https://registry.npmjs.org/abbrev cache-miss
173 http fetch GET 200 https://registry.npmjs.org/abbrev 83ms (cache miss)
174 silly packumentCache full:https://registry.npmjs.org/abbrev set size:undefined disposed:false
175 silly fetch manifest fdir@^6.5.0
176 silly packumentCache full:https://registry.npmjs.org/fdir cache-miss
177 http fetch GET 200 https://registry.npmjs.org/fdir 67ms (cache miss)
178 silly packumentCache full:https://registry.npmjs.org/fdir set size:undefined disposed:false
179 silly fetch manifest picomatch@^4.0.4
180 silly packumentCache full:https://registry.npmjs.org/picomatch cache-miss
181 http fetch GET 200 https://registry.npmjs.org/picomatch 43ms (cache miss)
182 silly packumentCache full:https://registry.npmjs.org/picomatch set size:undefined disposed:false
183 silly fetch manifest isexe@^4.0.0
184 silly packumentCache full:https://registry.npmjs.org/isexe cache-miss
185 http fetch GET 200 https://registry.npmjs.org/isexe 47ms (cache miss)
186 silly packumentCache full:https://registry.npmjs.org/isexe set size:undefined disposed:false
187 silly placeDep ROOT abbrev@4.0.0 OK for: nopt@9.0.0 want: ^4.0.0
188 silly placeDep ROOT detect-libc@2.1.2 OK for: prebuild-install@7.1.3 want: ^2.0.0
189 silly placeDep ROOT expand-template@2.0.3 OK for: prebuild-install@7.1.3 want: ^2.0.3
190 silly placeDep ROOT github-from-package@0.0.0 OK for: prebuild-install@7.1.3 want: 0.0.0
191 silly placeDep ROOT minimist@1.2.8 OK for: prebuild-install@7.1.3 want: ^1.2.3
192 silly placeDep ROOT mkdirp-classic@0.5.3 OK for: prebuild-install@7.1.3 want: ^0.5.3
193 silly placeDep ROOT napi-build-utils@2.0.0 OK for: prebuild-install@7.1.3 want: ^2.0.0
194 silly placeDep ROOT node-abi@3.92.0 OK for: prebuild-install@7.1.3 want: ^3.3.0
195 silly placeDep ROOT pump@3.0.4 OK for: prebuild-install@7.1.3 want: ^3.0.0
196 silly placeDep ROOT rc@1.2.8 OK for: prebuild-install@7.1.3 want: ^1.2.7
197 silly placeDep ROOT simple-get@4.0.1 OK for: prebuild-install@7.1.3 want: ^4.0.0
198 silly placeDep ROOT tar-fs@2.1.4 OK for: prebuild-install@7.1.3 want: ^2.0.0
199 silly placeDep ROOT tunnel-agent@0.6.0 OK for: prebuild-install@7.1.3 want: ^0.6.0
200 silly fetch manifest end-of-stream@^1.1.0
201 silly packumentCache full:https://registry.npmjs.org/end-of-stream cache-miss
202 http fetch GET 200 https://registry.npmjs.org/end-of-stream 56ms (cache miss)
203 silly packumentCache full:https://registry.npmjs.org/end-of-stream set size:undefined disposed:false
204 silly fetch manifest once@^1.3.1
205 silly packumentCache full:https://registry.npmjs.org/once cache-miss
206 http fetch GET 200 https://registry.npmjs.org/once 44ms (cache miss)
207 silly packumentCache full:https://registry.npmjs.org/once set size:undefined disposed:false
208 silly fetch manifest ini@~1.3.0
209 silly packumentCache full:https://registry.npmjs.org/ini cache-miss
210 http fetch GET 200 https://registry.npmjs.org/ini 36ms (cache miss)
211 silly packumentCache full:https://registry.npmjs.org/ini set size:undefined disposed:false
212 silly fetch manifest deep-extend@^0.6.0
213 silly packumentCache full:https://registry.npmjs.org/deep-extend cache-miss
214 http fetch GET 200 https://registry.npmjs.org/deep-extend 46ms (cache miss)
215 silly packumentCache full:https://registry.npmjs.org/deep-extend set size:undefined disposed:false
216 silly fetch manifest strip-json-comments@~2.0.1
217 silly packumentCache full:https://registry.npmjs.org/strip-json-comments cache-miss
218 http fetch GET 200 https://registry.npmjs.org/strip-json-comments 34ms (cache miss)
219 silly packumentCache full:https://registry.npmjs.org/strip-json-comments set size:undefined disposed:false
220 silly fetch manifest decompress-response@^6.0.0
221 silly packumentCache full:https://registry.npmjs.org/decompress-response cache-miss
222 http fetch GET 200 https://registry.npmjs.org/decompress-response 57ms (cache miss)
223 silly packumentCache full:https://registry.npmjs.org/decompress-response set size:undefined disposed:false
224 silly fetch manifest simple-concat@^1.0.0
225 silly packumentCache full:https://registry.npmjs.org/simple-concat cache-miss
226 http fetch GET 200 https://registry.npmjs.org/simple-concat 46ms (cache miss)
227 silly packumentCache full:https://registry.npmjs.org/simple-concat set size:undefined disposed:false
228 silly fetch manifest chownr@^1.1.1
229 silly packumentCache full:https://registry.npmjs.org/chownr cache-miss
230 http fetch GET 200 https://registry.npmjs.org/chownr 11ms (cache hit)
231 silly packumentCache full:https://registry.npmjs.org/chownr set size:22157 disposed:false
232 silly fetch manifest tar-stream@^2.1.4
233 silly packumentCache full:https://registry.npmjs.org/tar-stream cache-miss
234 http fetch GET 200 https://registry.npmjs.org/tar-stream 42ms (cache miss)
235 silly packumentCache full:https://registry.npmjs.org/tar-stream set size:undefined disposed:false
236 silly fetch manifest safe-buffer@^5.0.1
237 silly packumentCache full:https://registry.npmjs.org/safe-buffer cache-miss
238 http fetch GET 200 https://registry.npmjs.org/safe-buffer 40ms (cache miss)
239 silly packumentCache full:https://registry.npmjs.org/safe-buffer set size:undefined disposed:false
240 silly placeDep ROOT end-of-stream@1.4.5 OK for: pump@3.0.4 want: ^1.1.0
241 silly placeDep ROOT once@1.4.0 OK for: pump@3.0.4 want: ^1.3.1
242 silly fetch manifest once@^1.4.0
243 silly packumentCache full:https://registry.npmjs.org/once cache-miss
244 http fetch GET 200 https://registry.npmjs.org/once 4ms (cache hit)
245 silly packumentCache full:https://registry.npmjs.org/once set size:11752 disposed:false
246 silly fetch manifest wrappy@1
247 silly packumentCache full:https://registry.npmjs.org/wrappy cache-miss
248 http fetch GET 200 https://registry.npmjs.org/wrappy 194ms (cache miss)
249 silly packumentCache full:https://registry.npmjs.org/wrappy set size:undefined disposed:false
250 silly placeDep ROOT wrappy@1.0.2 OK for: once@1.4.0 want: 1
251 silly placeDep ROOT deep-extend@0.6.0 OK for: rc@1.2.8 want: ^0.6.0
252 silly placeDep ROOT ini@1.3.8 OK for: rc@1.2.8 want: ~1.3.0
253 silly placeDep ROOT strip-json-comments@2.0.1 OK for: rc@1.2.8 want: ~2.0.1
254 silly placeDep ROOT decompress-response@6.0.0 OK for: simple-get@4.0.1 want: ^6.0.0
255 silly placeDep ROOT simple-concat@1.0.1 OK for: simple-get@4.0.1 want: ^1.0.0
256 silly fetch manifest mimic-response@^3.1.0
257 silly packumentCache full:https://registry.npmjs.org/mimic-response cache-miss
258 http fetch GET 200 https://registry.npmjs.org/mimic-response 89ms (cache miss)
259 silly packumentCache full:https://registry.npmjs.org/mimic-response set size:undefined disposed:false
260 silly placeDep ROOT mimic-response@3.1.0 OK for: decompress-response@6.0.0 want: ^3.1.0
261 silly placeDep ROOT @isaacs/fs-minipass@4.0.1 OK for: tar@7.5.16 want: ^4.0.0
262 silly placeDep ROOT chownr@3.0.0 OK for: tar@7.5.16 want: ^3.0.0
263 silly placeDep ROOT minipass@7.1.3 OK for: tar@7.5.16 want: ^7.1.2
264 silly placeDep ROOT minizlib@3.1.0 OK for: tar@7.5.16 want: ^3.1.0
265 silly placeDep ROOT yallist@5.0.0 OK for: tar@7.5.16 want: ^5.0.0
266 silly fetch manifest minipass@^7.0.4
267 silly packumentCache full:https://registry.npmjs.org/minipass cache-miss
268 http fetch GET 200 https://registry.npmjs.org/minipass 5ms (cache hit)
269 silly packumentCache full:https://registry.npmjs.org/minipass set size:276925 disposed:false
270 silly placeDep node_modules/tar-fs chownr@1.1.4 OK for: tar-fs@2.1.4 want: ^1.1.1
271 silly placeDep ROOT tar-stream@2.2.0 OK for: tar-fs@2.1.4 want: ^2.1.4
272 silly fetch manifest bl@^4.0.3
273 silly packumentCache full:https://registry.npmjs.org/bl cache-miss
274 http fetch GET 200 https://registry.npmjs.org/bl 38ms (cache miss)
275 silly packumentCache full:https://registry.npmjs.org/bl set size:undefined disposed:false
276 silly fetch manifest fs-constants@^1.0.0
277 silly packumentCache full:https://registry.npmjs.org/fs-constants cache-miss
278 http fetch GET 200 https://registry.npmjs.org/fs-constants 39ms (cache miss)
279 silly packumentCache full:https://registry.npmjs.org/fs-constants set size:undefined disposed:false
280 silly fetch manifest readable-stream@^3.1.1
281 silly packumentCache full:https://registry.npmjs.org/readable-stream cache-miss
282 http fetch GET 200 https://registry.npmjs.org/readable-stream 77ms (cache miss)
283 silly packumentCache full:https://registry.npmjs.org/readable-stream set size:undefined disposed:false
284 silly placeDep ROOT bl@4.1.0 OK for: tar-stream@2.2.0 want: ^4.0.3
285 silly placeDep ROOT fs-constants@1.0.0 OK for: tar-stream@2.2.0 want: ^1.0.0
286 silly placeDep ROOT readable-stream@3.6.2 OK for: tar-stream@2.2.0 want: ^3.1.1
287 silly fetch manifest buffer@^5.5.0
288 silly packumentCache full:https://registry.npmjs.org/buffer cache-miss
289 http fetch GET 200 https://registry.npmjs.org/buffer 41ms (cache hit)
290 silly packumentCache full:https://registry.npmjs.org/buffer set size:280480 disposed:false
291 silly fetch manifest readable-stream@^3.4.0
292 silly packumentCache full:https://registry.npmjs.org/readable-stream cache-miss
293 http fetch GET 200 https://registry.npmjs.org/readable-stream 11ms (cache hit)
294 silly packumentCache full:https://registry.npmjs.org/readable-stream set size:261096 disposed:false
295 silly fetch manifest string_decoder@^1.1.1
296 silly packumentCache full:https://registry.npmjs.org/string_decoder cache-miss
297 http fetch GET 200 https://registry.npmjs.org/string_decoder 101ms (cache miss)
298 silly packumentCache full:https://registry.npmjs.org/string_decoder set size:undefined disposed:false
299 silly fetch manifest util-deprecate@^1.0.1
300 silly packumentCache full:https://registry.npmjs.org/util-deprecate cache-miss
301 http fetch GET 200 https://registry.npmjs.org/util-deprecate 31ms (cache miss)
302 silly packumentCache full:https://registry.npmjs.org/util-deprecate set size:undefined disposed:false
303 silly placeDep node_modules/bl buffer@5.7.1 OK for: bl@4.1.0 want: ^5.5.0
304 silly placeDep ROOT string_decoder@1.3.0 OK for: readable-stream@3.6.2 want: ^1.1.1
305 silly placeDep ROOT util-deprecate@1.0.2 OK for: readable-stream@3.6.2 want: ^1.0.1
306 silly fetch manifest safe-buffer@~5.2.0
307 silly packumentCache full:https://registry.npmjs.org/safe-buffer cache-miss
308 http fetch GET 200 https://registry.npmjs.org/safe-buffer 52ms (cache hit)
309 silly packumentCache full:https://registry.npmjs.org/safe-buffer set size:41183 disposed:false
310 silly placeDep ROOT safe-buffer@5.2.1 OK for: string_decoder@1.3.0 want: ~5.2.0
311 silly placeDep ROOT fdir@6.5.0 OK for: tinyglobby@0.2.17 want: ^6.5.0
312 silly placeDep ROOT picomatch@4.0.4 OK for: tinyglobby@0.2.17 want: ^4.0.4
313 silly placeDep ROOT isexe@4.0.0 OK for: which@6.0.1 want: ^4.0.0
314 silly reify moves {}
315 silly tarball no local data for isexe@https://registry.npmjs.org/isexe/-/isexe-4.0.0.tgz. Extracting by manifest.
316 silly tarball no local data for picomatch@https://registry.npmjs.org/picomatch/-/picomatch-4.0.4.tgz. Extracting by manifest.
317 silly tarball no local data for fdir@https://registry.npmjs.org/fdir/-/fdir-6.5.0.tgz. Extracting by manifest.
318 silly tarball no local data for util-deprecate@https://registry.npmjs.org/util-deprecate/-/util-deprecate-1.0.2.tgz. Extracting by manifest.
319 silly tarball no local data for safe-buffer@https://registry.npmjs.org/safe-buffer/-/safe-buffer-5.2.1.tgz. Extracting by manifest.
320 silly tarball no local data for string_decoder@https://registry.npmjs.org/string_decoder/-/string_decoder-1.3.0.tgz. Extracting by manifest.
321 silly tarball no local data for readable-stream@https://registry.npmjs.org/readable-stream/-/readable-stream-3.6.2.tgz. Extracting by manifest.
322 silly tarball no local data for fs-constants@https://registry.npmjs.org/fs-constants/-/fs-constants-1.0.0.tgz. Extracting by manifest.
323 silly tarball no local data for bl@https://registry.npmjs.org/bl/-/bl-4.1.0.tgz. Extracting by manifest.
324 silly tarball no local data for tar-stream@https://registry.npmjs.org/tar-stream/-/tar-stream-2.2.0.tgz. Extracting by manifest.
325 silly tarball no local data for yallist@https://registry.npmjs.org/yallist/-/yallist-5.0.0.tgz. Extracting by manifest.
326 silly tarball no local data for minizlib@https://registry.npmjs.org/minizlib/-/minizlib-3.1.0.tgz. Extracting by manifest.
327 silly tarball no local data for minipass@https://registry.npmjs.org/minipass/-/minipass-7.1.3.tgz. Extracting by manifest.
328 silly tarball no local data for chownr@https://registry.npmjs.org/chownr/-/chownr-3.0.0.tgz. Extracting by manifest.
329 silly tarball no local data for @isaacs/fs-minipass@https://registry.npmjs.org/@isaacs/fs-minipass/-/fs-minipass-4.0.1.tgz. Extracting by manifest.
330 silly tarball no local data for mimic-response@https://registry.npmjs.org/mimic-response/-/mimic-response-3.1.0.tgz. Extracting by manifest.
331 silly tarball no local data for simple-concat@https://registry.npmjs.org/simple-concat/-/simple-concat-1.0.1.tgz. Extracting by manifest.
332 silly tarball no local data for decompress-response@https://registry.npmjs.org/decompress-response/-/decompress-response-6.0.0.tgz. Extracting by manifest.
333 silly tarball no local data for ini@https://registry.npmjs.org/ini/-/ini-1.3.8.tgz. Extracting by manifest.
334 silly tarball no local data for strip-json-comments@https://registry.npmjs.org/strip-json-comments/-/strip-json-comments-2.0.1.tgz. Extracting by manifest.
335 silly tarball no local data for wrappy@https://registry.npmjs.org/wrappy/-/wrappy-1.0.2.tgz. Extracting by manifest.
336 silly tarball no local data for deep-extend@https://registry.npmjs.org/deep-extend/-/deep-extend-0.6.0.tgz. Extracting by manifest.
337 silly tarball no local data for once@https://registry.npmjs.org/once/-/once-1.4.0.tgz. Extracting by manifest.
338 silly tarball no local data for end-of-stream@https://registry.npmjs.org/end-of-stream/-/end-of-stream-1.4.5.tgz. Extracting by manifest.
339 silly tarball no local data for tunnel-agent@https://registry.npmjs.org/tunnel-agent/-/tunnel-agent-0.6.0.tgz. Extracting by manifest.
340 silly tarball no local data for tar-fs@https://registry.npmjs.org/tar-fs/-/tar-fs-2.1.4.tgz. Extracting by manifest.
341 silly tarball no local data for simple-get@https://registry.npmjs.org/simple-get/-/simple-get-4.0.1.tgz. Extracting by manifest.
342 silly tarball no local data for rc@https://registry.npmjs.org/rc/-/rc-1.2.8.tgz. Extracting by manifest.
343 silly tarball no local data for node-abi@https://registry.npmjs.org/node-abi/-/node-abi-3.92.0.tgz. Extracting by manifest.
344 silly tarball no local data for pump@https://registry.npmjs.org/pump/-/pump-3.0.4.tgz. Extracting by manifest.
345 silly tarball no local data for napi-build-utils@https://registry.npmjs.org/napi-build-utils/-/napi-build-utils-2.0.0.tgz. Extracting by manifest.
346 silly tarball no local data for mkdirp-classic@https://registry.npmjs.org/mkdirp-classic/-/mkdirp-classic-0.5.3.tgz. Extracting by manifest.
347 silly tarball no local data for minimist@https://registry.npmjs.org/minimist/-/minimist-1.2.8.tgz. Extracting by manifest.
348 silly tarball no local data for github-from-package@https://registry.npmjs.org/github-from-package/-/github-from-package-0.0.0.tgz. Extracting by manifest.
349 silly tarball no local data for expand-template@https://registry.npmjs.org/expand-template/-/expand-template-2.0.3.tgz. Extracting by manifest.
350 silly tarball no local data for detect-libc@https://registry.npmjs.org/detect-libc/-/detect-libc-2.1.2.tgz. Extracting by manifest.
351 silly tarball no local data for abbrev@https://registry.npmjs.org/abbrev/-/abbrev-4.0.0.tgz. Extracting by manifest.
352 silly tarball no local data for which@https://registry.npmjs.org/which/-/which-6.0.1.tgz. Extracting by manifest.
353 silly tarball no local data for undici@https://registry.npmjs.org/undici/-/undici-6.26.0.tgz. Extracting by manifest.
354 silly tarball no local data for tinyglobby@https://registry.npmjs.org/tinyglobby/-/tinyglobby-0.2.17.tgz. Extracting by manifest.
355 silly tarball no local data for semver@https://registry.npmjs.org/semver/-/semver-7.8.4.tgz. Extracting by manifest.
356 silly tarball no local data for proc-log@https://registry.npmjs.org/proc-log/-/proc-log-6.1.0.tgz. Extracting by manifest.
357 silly tarball no local data for nopt@https://registry.npmjs.org/nopt/-/nopt-9.0.0.tgz. Extracting by manifest.
358 silly tarball no local data for graceful-fs@https://registry.npmjs.org/graceful-fs/-/graceful-fs-4.2.11.tgz. Extracting by manifest.
359 silly tarball no local data for exponential-backoff@https://registry.npmjs.org/exponential-backoff/-/exponential-backoff-3.1.3.tgz. Extracting by manifest.
360 silly tarball no local data for env-paths@https://registry.npmjs.org/env-paths/-/env-paths-2.2.1.tgz. Extracting by manifest.
361 silly tarball no local data for prebuild-install@https://registry.npmjs.org/prebuild-install/-/prebuild-install-7.1.3.tgz. Extracting by manifest.
362 silly tarball no local data for node-addon-api@https://registry.npmjs.org/node-addon-api/-/node-addon-api-8.8.0.tgz. Extracting by manifest.
363 silly tarball no local data for bindings@https://registry.npmjs.org/bindings/-/bindings-1.5.0.tgz. Extracting by manifest.
364 silly tarball no local data for sqlite3@https://registry.npmjs.org/sqlite3/-/sqlite3-6.0.1.tgz. Extracting by manifest.
365 silly tarball no local data for node-red-node-sqlite@https://registry.npmjs.org/node-red-node-sqlite/-/node-red-node-sqlite-2.0.1.tgz. Extracting by manifest.
366 silly tarball no local data for buffer@https://registry.npmjs.org/buffer/-/buffer-5.7.1.tgz. Extracting by manifest.
367 silly tarball no local data for file-uri-to-path@https://registry.npmjs.org/file-uri-to-path/-/file-uri-to-path-1.0.0.tgz. Extracting by manifest.
368 silly tarball no local data for tar@https://registry.npmjs.org/tar/-/tar-7.5.16.tgz. Extracting by manifest.
369 silly tarball no local data for node-gyp@https://registry.npmjs.org/node-gyp/-/node-gyp-12.4.0.tgz. Extracting by manifest.
370 silly tarball no local data for chownr@https://registry.npmjs.org/chownr/-/chownr-1.1.4.tgz. Extracting by manifest.
371 http fetch GET 200 https://registry.npmjs.org/isexe/-/isexe-4.0.0.tgz 3602ms (cache miss)
372 http fetch GET 200 https://registry.npmjs.org/mimic-response/-/mimic-response-3.1.0.tgz 3717ms (cache miss)
373 http fetch GET 200 https://registry.npmjs.org/decompress-response/-/decompress-response-6.0.0.tgz 3716ms (cache miss)
374 http fetch GET 200 https://registry.npmjs.org/util-deprecate/-/util-deprecate-1.0.2.tgz 3811ms (cache miss)
375 http fetch GET 200 https://registry.npmjs.org/once/-/once-1.4.0.tgz 3784ms (cache miss)
376 http fetch GET 200 https://registry.npmjs.org/simple-concat/-/simple-concat-1.0.1.tgz 3803ms (cache miss)
377 http fetch GET 200 https://registry.npmjs.org/strip-json-comments/-/strip-json-comments-2.0.1.tgz 3800ms (cache miss)
378 http fetch GET 200 https://registry.npmjs.org/ini/-/ini-1.3.8.tgz 3888ms (cache miss)
379 http fetch GET 200 https://registry.npmjs.org/wrappy/-/wrappy-1.0.2.tgz 3887ms (cache miss)
380 http fetch GET 200 https://registry.npmjs.org/expand-template/-/expand-template-2.0.3.tgz 3787ms (cache miss)
381 http fetch GET 200 https://registry.npmjs.org/fs-constants/-/fs-constants-1.0.0.tgz 3988ms (cache miss)
382 http fetch GET 200 https://registry.npmjs.org/end-of-stream/-/end-of-stream-1.4.5.tgz 3818ms (cache miss)
383 http fetch GET 200 https://registry.npmjs.org/tunnel-agent/-/tunnel-agent-0.6.0.tgz 3821ms (cache miss)
384 http fetch GET 200 https://registry.npmjs.org/rc/-/rc-1.2.8.tgz 3824ms (cache miss)
385 http fetch GET 200 https://registry.npmjs.org/env-paths/-/env-paths-2.2.1.tgz 3618ms (cache miss)
386 http fetch GET 200 https://registry.npmjs.org/github-from-package/-/github-from-package-0.0.0.tgz 3900ms (cache miss)
387 http fetch GET 200 https://registry.npmjs.org/abbrev/-/abbrev-4.0.0.tgz 3815ms (cache miss)
388 http fetch GET 200 https://registry.npmjs.org/deep-extend/-/deep-extend-0.6.0.tgz 4006ms (cache miss)
389 http fetch GET 200 https://registry.npmjs.org/proc-log/-/proc-log-6.1.0.tgz 3812ms (cache miss)
390 http fetch GET 200 https://registry.npmjs.org/bindings/-/bindings-1.5.0.tgz 3613ms (cache miss)
391 http fetch GET 200 https://registry.npmjs.org/string_decoder/-/string_decoder-1.3.0.tgz 4175ms (cache miss)
392 http fetch GET 200 https://registry.npmjs.org/simple-get/-/simple-get-4.0.1.tgz 4000ms (cache miss)
393 http fetch GET 200 https://registry.npmjs.org/node-abi/-/node-abi-3.92.0.tgz 3999ms (cache miss)
394 http fetch GET 200 https://registry.npmjs.org/pump/-/pump-3.0.4.tgz 3994ms (cache miss)
395 http fetch GET 200 https://registry.npmjs.org/napi-build-utils/-/napi-build-utils-2.0.0.tgz 3993ms (cache miss)
396 http fetch GET 200 https://registry.npmjs.org/mkdirp-classic/-/mkdirp-classic-0.5.3.tgz 3992ms (cache miss)
397 http fetch GET 200 https://registry.npmjs.org/buffer/-/buffer-5.7.1.tgz 3697ms (cache miss)
398 http fetch GET 200 https://registry.npmjs.org/file-uri-to-path/-/file-uri-to-path-1.0.0.tgz 3693ms (cache miss)
399 http fetch GET 200 https://registry.npmjs.org/chownr/-/chownr-3.0.0.tgz 4117ms (cache miss)
400 http fetch GET 200 https://registry.npmjs.org/which/-/which-6.0.1.tgz 3917ms (cache miss)
401 http fetch GET 200 https://registry.npmjs.org/chownr/-/chownr-1.1.4.tgz 3774ms (cache miss)
402 http fetch GET 200 https://registry.npmjs.org/safe-buffer/-/safe-buffer-5.2.1.tgz 4302ms (cache miss)
403 http fetch GET 200 https://registry.npmjs.org/tinyglobby/-/tinyglobby-0.2.17.tgz 4115ms (cache miss)
404 http fetch GET 200 https://registry.npmjs.org/fdir/-/fdir-6.5.0.tgz 4487ms (cache miss)
405 http fetch GET 200 https://registry.npmjs.org/detect-libc/-/detect-libc-2.1.2.tgz 4284ms (cache miss)
406 http fetch GET 200 https://registry.npmjs.org/graceful-fs/-/graceful-fs-4.2.11.tgz 4194ms (cache miss)
407 http fetch GET 200 https://registry.npmjs.org/tar-stream/-/tar-stream-2.2.0.tgz 4410ms (cache miss)
408 http fetch GET 200 https://registry.npmjs.org/nopt/-/nopt-9.0.0.tgz 4302ms (cache miss)
409 http fetch GET 200 https://registry.npmjs.org/prebuild-install/-/prebuild-install-7.1.3.tgz 4200ms (cache miss)
410 warn deprecated prebuild-install@7.1.3: No longer maintained. Please contact the author of the relevant native addon; alternatives are available.
411 http fetch GET 200 https://registry.npmjs.org/bl/-/bl-4.1.0.tgz 4522ms (cache miss)
412 http fetch GET 200 https://registry.npmjs.org/yallist/-/yallist-5.0.0.tgz 4625ms (cache miss)
413 http fetch GET 200 https://registry.npmjs.org/node-red-node-sqlite/-/node-red-node-sqlite-2.0.1.tgz 4307ms (cache miss)
414 http fetch GET 200 https://registry.npmjs.org/@isaacs/fs-minipass/-/fs-minipass-4.0.1.tgz 4719ms (cache miss)
415 http fetch GET 200 https://registry.npmjs.org/picomatch/-/picomatch-4.0.4.tgz 4910ms (cache miss)
416 http fetch GET 200 https://registry.npmjs.org/minimist/-/minimist-1.2.8.tgz 4788ms (cache miss)
417 http fetch GET 200 https://registry.npmjs.org/minizlib/-/minizlib-3.1.0.tgz 4995ms (cache miss)
418 http fetch GET 200 https://registry.npmjs.org/tar-fs/-/tar-fs-2.1.4.tgz 4908ms (cache miss)
419 http fetch GET 200 https://registry.npmjs.org/semver/-/semver-7.8.4.tgz 5191ms (cache miss)
420 http fetch GET 200 https://registry.npmjs.org/node-addon-api/-/node-addon-api-8.8.0.tgz 5082ms (cache miss)
421 http fetch GET 200 https://registry.npmjs.org/readable-stream/-/readable-stream-3.6.2.tgz 5480ms (cache miss)
422 http fetch GET 200 https://registry.npmjs.org/minipass/-/minipass-7.1.3.tgz 5409ms (cache miss)
423 http fetch GET 200 https://registry.npmjs.org/exponential-backoff/-/exponential-backoff-3.1.3.tgz 5296ms (cache miss)
424 http fetch GET 200 https://registry.npmjs.org/sqlite3/-/sqlite3-6.0.1.tgz 6290ms (cache miss)
425 http fetch GET 200 https://registry.npmjs.org/node-gyp/-/node-gyp-12.4.0.tgz 6391ms (cache miss)
426 http fetch GET 200 https://registry.npmjs.org/undici/-/undici-6.26.0.tgz 6792ms (cache miss)
427 http fetch GET 200 https://registry.npmjs.org/tar/-/tar-7.5.16.tgz 6787ms (cache miss)
428 info run sqlite3@6.0.1 install node_modules/sqlite3 prebuild-install -r napi || node-gyp rebuild
429 info run sqlite3@6.0.1 install { code: 0, signal: null }
430 silly ADD node_modules/isexe
431 silly ADD node_modules/picomatch
432 silly ADD node_modules/fdir
433 silly ADD node_modules/safe-buffer
434 silly ADD node_modules/util-deprecate
435 silly ADD node_modules/string_decoder
436 silly ADD node_modules/readable-stream
437 silly ADD node_modules/fs-constants
438 silly ADD node_modules/bl
439 silly ADD node_modules/bl/node_modules/buffer
440 silly ADD node_modules/tar-stream
441 silly ADD node_modules/yallist
442 silly ADD node_modules/minizlib
443 silly ADD node_modules/minipass
444 silly ADD node_modules/chownr
445 silly ADD node_modules/@isaacs/fs-minipass
446 silly ADD node_modules/mimic-response
447 silly ADD node_modules/simple-concat
448 silly ADD node_modules/decompress-response
449 silly ADD node_modules/strip-json-comments
450 silly ADD node_modules/ini
451 silly ADD node_modules/deep-extend
452 silly ADD node_modules/wrappy
453 silly ADD node_modules/once
454 silly ADD node_modules/end-of-stream
455 silly ADD node_modules/tunnel-agent
456 silly ADD node_modules/tar-fs
457 silly ADD node_modules/tar-fs/node_modules/chownr
458 silly ADD node_modules/simple-get
459 silly ADD node_modules/rc
460 silly ADD node_modules/pump
461 silly ADD node_modules/node-abi
462 silly ADD node_modules/napi-build-utils
463 silly ADD node_modules/mkdirp-classic
464 silly ADD node_modules/minimist
465 silly ADD node_modules/github-from-package
466 silly ADD node_modules/expand-template
467 silly ADD node_modules/detect-libc
468 silly ADD node_modules/abbrev
469 silly ADD node_modules/which
470 silly ADD node_modules/undici
471 silly ADD node_modules/tinyglobby
472 silly ADD node_modules/semver
473 silly ADD node_modules/proc-log
474 silly ADD node_modules/nopt
475 silly ADD node_modules/graceful-fs
476 silly ADD node_modules/exponential-backoff
477 silly ADD node_modules/env-paths
478 silly ADD node_modules/file-uri-to-path
479 silly ADD node_modules/tar
480 silly ADD node_modules/prebuild-install
481 silly ADD node_modules/node-gyp
482 silly ADD node_modules/node-addon-api
483 silly ADD node_modules/bindings
484 silly ADD node_modules/sqlite3
485 silly ADD node_modules/node-red-node-sqlite
486 verbose cwd /data
487 verbose os Linux 6.12.90+deb13.1-cloud-amd64
488 verbose node v20.19.4
489 verbose npm  v10.8.2
490 verbose exit 0
491 info ok
