0 verbose cli /usr/local/bin/node /usr/local/bin/npm
1 info using npm@10.8.2
2 info using node@v20.19.4
3 silly config load:file:/usr/local/lib/node_modules/npm/npmrc
4 silly config load:file:/data/.npmrc
5 silly config load:file:/usr/src/node-red/.npmrc
6 silly config load:file:/usr/local/etc/npmrc
7 verbose title npm install node-red-contrib-crypto-js@0.1.1
8 verbose argv "install" "--no-audit" "--no-update-notifier" "--no-fund" "--save" "--save-prefix" "~" "--omit" "dev" "--engine-strict" "node-red-contrib-crypto-js@0.1.1"
9 verbose logfile logs-max:10 dir:/data/.npm/_logs/2026-06-12T17_02_02_055Z-
10 verbose logfile /data/.npm/_logs/2026-06-12T17_02_02_055Z-debug-0.log
11 silly packumentCache heap:1035206656 maxSize:258801664 maxEntrySize:129400832
12 silly logfile done cleaning log files
13 silly idealTree buildDeps
14 silly fetch manifest node-red-contrib-crypto-js@0.1.1
15 silly packumentCache full:https://registry.npmjs.org/node-red-contrib-crypto-js cache-miss
16 http fetch GET 200 https://registry.npmjs.org/node-red-contrib-crypto-js 678ms (cache miss)
17 silly packumentCache full:https://registry.npmjs.org/node-red-contrib-crypto-js set size:undefined disposed:false
18 silly placeDep ROOT node-red-contrib-crypto-js@0.1.1 OK for: node-red-project@0.0.1 want: 0.1.1
19 silly fetch manifest crypto-js@^3.1.9-1
20 silly packumentCache full:https://registry.npmjs.org/crypto-js cache-miss
21 http fetch GET 200 https://registry.npmjs.org/crypto-js 92ms (cache miss)
22 silly packumentCache full:https://registry.npmjs.org/crypto-js set size:undefined disposed:false
23 silly placeDep ROOT crypto-js@3.3.0 OK for: node-red-contrib-crypto-js@0.1.1 want: ^3.1.9-1
24 silly reify moves {}
25 silly tarball no local data for crypto-js@https://registry.npmjs.org/crypto-js/-/crypto-js-3.3.0.tgz. Extracting by manifest.
26 silly tarball no local data for node-red-contrib-crypto-js@https://registry.npmjs.org/node-red-contrib-crypto-js/-/node-red-contrib-crypto-js-0.1.1.tgz. Extracting by manifest.
27 http fetch GET 200 https://registry.npmjs.org/node-red-contrib-crypto-js/-/node-red-contrib-crypto-js-0.1.1.tgz 508ms (cache miss)
28 http fetch GET 200 https://registry.npmjs.org/crypto-js/-/crypto-js-3.3.0.tgz 520ms (cache miss)
29 silly ADD node_modules/crypto-js
30 silly ADD node_modules/node-red-contrib-crypto-js
31 verbose cwd /data
32 verbose os Linux 6.12.90+deb13.1-cloud-amd64
33 verbose node v20.19.4
34 verbose npm  v10.8.2
35 verbose exit 0
36 info ok
